build/outputs/logs/manifest-merger-debug-report.txt
-- Merging decision tree log ---
manifest
ADDED from Android_Studio_projects\mobilesafe74\AndroidManifest.xml:2:1-91:12
	package
		ADDED from Android_Studio_projects\mobilesafe74\AndroidManifest.xml:3:5-39
	android:versionName
		ADDED from Android_Studio_projects\mobilesafe74\AndroidManifest.xml:5:5-30
		INJECTED from Android_Studio_projects\mobilesafe74\AndroidManifest.xml
		INJECTED from Android_Studio_projects\mobilesafe74\AndroidManifest.xml
	android:versionCode
		ADDED from Android_Studio_projects\mobilesafe74\AndroidManifest.xml:4:5-28
		INJECTED from Android_Studio_projects\mobilesafe74\AndroidManifest.xml
		INJECTED from Android_Studio_projects\mobilesafe74\AndroidManifest.xml
	xmlns:android
		ADDED from Android_Studio_projects\mobilesafe74\AndroidManifest.xml:2:11-69
uses-sdk
ADDED from Android_Studio_projects\mobilesafe74\AndroidManifest.xml:13:5-15:41
	android:targetSdkVersion
		ADDED from Android_Studio_projects\mobilesafe74\AndroidManifest.xml:15:9-38
	android:minSdkVersion
		ADDED from Android_Studio_projects\mobilesafe74\AndroidManifest.xml:14:9-34
uses-permission#android.permission.ACCESS_FINE_LOCATION
ADDED from Android_Studio_projects\mobilesafe74\AndroidManifest.xml:19:5-79
	android:name
		ADDED from Android_Studio_projects\mobilesafe74\AndroidManifest.xml:19:22-76
uses-permission#android.permission.ACCESS_COARSE_LOCATION
ADDED from Android_Studio_projects\mobilesafe74\AndroidManifest.xml:20:5-81
	android:name
		ADDED from Android_Studio_projects\mobilesafe74\AndroidManifest.xml:20:22-78
uses-permission#android.permission.INTERNET
ADDED from Android_Studio_projects\mobilesafe74\AndroidManifest.xml:22:5-66
	android:name
		ADDED from Android_Studio_projects\mobilesafe74\AndroidManifest.xml:22:22-64
uses-permission#android.permission.WRITE_EXTERNAL_STORAGE
ADDED from Android_Studio_projects\mobilesafe74\AndroidManifest.xml:23:2-78
	android:name
		ADDED from Android_Studio_projects\mobilesafe74\AndroidManifest.xml:23:19-75
uses-permission#android.permission.READ_PHONE_STATE
ADDED from Android_Studio_projects\mobilesafe74\AndroidManifest.xml:24:2-71
	android:name
		ADDED from Android_Studio_projects\mobilesafe74\AndroidManifest.xml:24:19-69
uses-permission#android.permission.READ_CONTACTS
ADDED from Android_Studio_projects\mobilesafe74\AndroidManifest.xml:25:2-68
	android:name
		ADDED from Android_Studio_projects\mobilesafe74\AndroidManifest.xml:25:19-66
uses-permission#android.permission.RECEIVE_BOOT_COMPLETED
ADDED from Android_Studio_projects\mobilesafe74\AndroidManifest.xml:27:5-81
	android:name
		ADDED from Android_Studio_projects\mobilesafe74\AndroidManifest.xml:27:22-78
uses-permission#android.permission.RECEIVE_SMS
ADDED from Android_Studio_projects\mobilesafe74\AndroidManifest.xml:30:5-70
	android:name
		ADDED from Android_Studio_projects\mobilesafe74\AndroidManifest.xml:30:22-67
uses-permission#android.permission.SEND_SMS
ADDED from Android_Studio_projects\mobilesafe74\AndroidManifest.xml:33:5-67
	android:name
		ADDED from Android_Studio_projects\mobilesafe74\AndroidManifest.xml:33:22-64
application
ADDED from Android_Studio_projects\mobilesafe74\AndroidManifest.xml:35:5-89:19
	android:label
		ADDED from Android_Studio_projects\mobilesafe74\AndroidManifest.xml:38:9-41
	android:allowBackup
		ADDED from Android_Studio_projects\mobilesafe74\AndroidManifest.xml:36:9-35
	android:icon
		ADDED from Android_Studio_projects\mobilesafe74\AndroidManifest.xml:37:9-45
	android:theme
		ADDED from Android_Studio_projects\mobilesafe74\AndroidManifest.xml:39:9-40
activity#com.itheima.mobilesafe74.activity.SplashActivity
ADDED from Android_Studio_projects\mobilesafe74\AndroidManifest.xml:40:9-48:20
	android:label
		ADDED from Android_Studio_projects\mobilesafe74\AndroidManifest.xml:42:13-45
	android:name
		ADDED from Android_Studio_projects\mobilesafe74\AndroidManifest.xml:41:13-76
intent-filter#android.intent.action.MAIN+android.intent.category.LAUNCHER
ADDED from Android_Studio_projects\mobilesafe74\AndroidManifest.xml:43:13-47:29
action#android.intent.action.MAIN
ADDED from Android_Studio_projects\mobilesafe74\AndroidManifest.xml:44:17-69
	android:name
		ADDED from Android_Studio_projects\mobilesafe74\AndroidManifest.xml:44:25-66
category#android.intent.category.LAUNCHER
ADDED from Android_Studio_projects\mobilesafe74\AndroidManifest.xml:46:17-77
	android:name
		ADDED from Android_Studio_projects\mobilesafe74\AndroidManifest.xml:46:27-74
activity#com.itheima.mobilesafe74.activity.HomeActivity
ADDED from Android_Studio_projects\mobilesafe74\AndroidManifest.xml:49:9-50:76
	android:name
		ADDED from Android_Studio_projects\mobilesafe74\AndroidManifest.xml:50:13-74
activity#com.itheima.mobilesafe74.activity.SettingActivity
ADDED from Android_Studio_projects\mobilesafe74\AndroidManifest.xml:51:9-52:79
	android:name
		ADDED from Android_Studio_projects\mobilesafe74\AndroidManifest.xml:52:13-77
activity#com.itheima.mobilesafe74.activity.TestActivity
ADDED from Android_Studio_projects\mobilesafe74\AndroidManifest.xml:53:9-54:76
	android:name
		ADDED from Android_Studio_projects\mobilesafe74\AndroidManifest.xml:54:13-74
activity#com.itheima.mobilesafe74.activity.SetupOverActivity
ADDED from Android_Studio_projects\mobilesafe74\AndroidManifest.xml:55:9-56:81
	android:name
		ADDED from Android_Studio_projects\mobilesafe74\AndroidManifest.xml:56:13-79
activity#com.itheima.mobilesafe74.activity.Setup1Activity
ADDED from Android_Studio_projects\mobilesafe74\AndroidManifest.xml:57:9-58:78
	android:name
		ADDED from Android_Studio_projects\mobilesafe74\AndroidManifest.xml:58:13-76
activity#com.itheima.mobilesafe74.activity.Setup2Activity
ADDED from Android_Studio_projects\mobilesafe74\AndroidManifest.xml:59:9-60:78
	android:name
		ADDED from Android_Studio_projects\mobilesafe74\AndroidManifest.xml:60:13-76
activity#com.itheima.mobilesafe74.activity.Setup3Activity
ADDED from Android_Studio_projects\mobilesafe74\AndroidManifest.xml:61:9-62:78
	android:name
		ADDED from Android_Studio_projects\mobilesafe74\AndroidManifest.xml:62:13-76
activity#com.itheima.mobilesafe74.activity.Setup4Activity
ADDED from Android_Studio_projects\mobilesafe74\AndroidManifest.xml:63:9-64:78
	android:name
		ADDED from Android_Studio_projects\mobilesafe74\AndroidManifest.xml:64:13-76
activity#com.itheima.mobilesafe74.activity.ContactListActivity
ADDED from Android_Studio_projects\mobilesafe74\AndroidManifest.xml:65:9-66:83
	android:name
		ADDED from Android_Studio_projects\mobilesafe74\AndroidManifest.xml:66:13-81
activity#com.itheima.mobilesafe74.activity.AToolActivity
ADDED from Android_Studio_projects\mobilesafe74\AndroidManifest.xml:67:9-68:77
	android:name
		ADDED from Android_Studio_projects\mobilesafe74\AndroidManifest.xml:68:13-75
activity#com.itheima.mobilesafe74.activity.PhoneLocationQueryActivity
ADDED from Android_Studio_projects\mobilesafe74\AndroidManifest.xml:69:9-72
	android:name
		ADDED from Android_Studio_projects\mobilesafe74\AndroidManifest.xml:69:19-70
receiver#com.itheima.mobilesafe74.Receiver.BootReceiver
ADDED from Android_Studio_projects\mobilesafe74\AndroidManifest.xml:73:9-77:20
	android:name
		ADDED from Android_Studio_projects\mobilesafe74\AndroidManifest.xml:73:19-56
intent-filter#android.intent.action.BOOT_COMPLETED
ADDED from Android_Studio_projects\mobilesafe74\AndroidManifest.xml:74:13-76:29
action#android.intent.action.BOOT_COMPLETED
ADDED from Android_Studio_projects\mobilesafe74\AndroidManifest.xml:75:17-79
	android:name
		ADDED from Android_Studio_projects\mobilesafe74\AndroidManifest.xml:75:25-76
receiver#com.itheima.mobilesafe74.Receiver.SmsReceiver
ADDED from Android_Studio_projects\mobilesafe74\AndroidManifest.xml:79:9-83:20
	android:name
		ADDED from Android_Studio_projects\mobilesafe74\AndroidManifest.xml:79:19-55
intent-filter#android.provider.Telephony.SMS_RECEIVED
ADDED from Android_Studio_projects\mobilesafe74\AndroidManifest.xml:80:13-82:29
action#android.provider.Telephony.SMS_RECEIVED
ADDED from Android_Studio_projects\mobilesafe74\AndroidManifest.xml:81:17-82
	android:name
		ADDED from Android_Studio_projects\mobilesafe74\AndroidManifest.xml:81:25-79
service#com.itheima.mobilesafe74.Service.LocaitonService
ADDED from Android_Studio_projects\mobilesafe74\AndroidManifest.xml:86:9-60
	android:name
		ADDED from Android_Studio_projects\mobilesafe74\AndroidManifest.xml:86:18-57